# JRE version: Java(TM) SE Runtime Environment (8.0_66-b18) (build 1.8.0_66-b18)
# Java VM: Java HotSpot(TM) 64-Bit Server VM (25.66-b18 mixed mode windows-amd64 compressed oops)
Heap:
 PSYoungGen      total 92672K, used 17338K [0x00000000d5580000, 0x00000000dc000000, 0x0000000100000000)
  eden space 84480K, 10% used [0x00000000d5580000,0x00000000d5e72ad8,0x00000000da800000)
  from space 8192K, 99% used [0x00000000db800000,0x00000000dbffc038,0x00000000dc000000)
  to   space 12288K, 0% used [0x00000000da800000,0x00000000da800000,0x00000000db400000)
 ParOldGen       total 62976K, used 21866K [0x0000000080000000, 0x0000000083d80000, 0x00000000d5580000)
  object space 62976K, 34% used [0x0000000080000000,0x000000008155a9c0,0x0000000083d80000)
 Metaspace       used 44436K, capacity 45554K, committed 45992K, reserved 1089536K
  class space    used 6141K, capacity 6441K, committed 6568K, reserved 1048576K
GC Heap History (10 events):
Event: 11.656 GC heap before
{Heap before GC invocations=10 (full 1):
 PSYoungGen      total 77824K, used 44267K [0x00000000d5580000, 0x00000000db100000, 0x0000000100000000)
  eden space 67072K, 54% used [0x00000000d5580000,0x00000000d78f8ed0,0x00000000d9700000)
  from space 10752K, 73% used [0x00000000da180000,0x00000000da942050,0x00000000dac00000)
  to   space 10752K, 0% used [0x00000000d9700000,0x00000000d9700000,0x00000000da180000)
 ParOldGen       total 62976K, used 7562K [0x0000000080000000, 0x0000000083d80000, 0x00000000d5580000)
  object space 62976K, 12% used [0x0000000080000000,0x0000000080762908,0x0000000083d80000)
 Metaspace       used 34800K, capacity 35378K, committed 35496K, reserved 1079296K
  class space    used 4850K, capacity 5012K, committed 5032K, reserved 1048576K
Event: 11.674 GC heap after
Heap after GC invocations=10 (full 1):
 PSYoungGen      total 77824K, used 10728K [0x00000000d5580000, 0x00000000dc480000, 0x0000000100000000)
  eden space 67072K, 0% used [0x00000000d5580000,0x00000000d5580000,0x00000000d9700000)
  from space 10752K, 99% used [0x00000000d9700000,0x00000000da17a238,0x00000000da180000)
  to   space 12800K, 0% used [0x00000000db800000,0x00000000db800000,0x00000000dc480000)
 ParOldGen       total 62976K, used 8610K [0x0000000080000000, 0x0000000083d80000, 0x00000000d5580000)
  object space 62976K, 13% used [0x0000000080000000,0x0000000080868850,0x0000000083d80000)
 Metaspace       used 34800K, capacity 35378K, committed 35496K, reserved 1079296K
  class space    used 4850K, capacity 5012K, committed 5032K, reserved 1048576K
}
Event: 11.675 GC heap before
{Heap before GC invocations=11 (full 2):
 PSYoungGen      total 77824K, used 10728K [0x00000000d5580000, 0x00000000dc480000, 0x0000000100000000)
  eden space 67072K, 0% used [0x00000000d5580000,0x00000000d5580000,0x00000000d9700000)
  from space 10752K, 99% used [0x00000000d9700000,0x00000000da17a238,0x00000000da180000)
  to   space 12800K, 0% used [0x00000000db800000,0x00000000db800000,0x00000000dc480000)
 ParOldGen       total 62976K, used 8610K [0x0000000080000000, 0x0000000083d80000, 0x00000000d5580000)
  object space 62976K, 13% used [0x0000000080000000,0x0000000080868850,0x0000000083d80000)
 Metaspace       used 34800K, capacity 35378K, committed 35496K, reserved 1079296K
  class space    used 4850K, capacity 5012K, committed 5032K, reserved 1048576K
Event: 11.808 GC heap after
Heap after GC invocations=11 (full 2):
 PSYoungGen      total 77824K, used 0K [0x00000000d5580000, 0x00000000dc480000, 0x0000000100000000)
  eden space 67072K, 0% used [0x00000000d5580000,0x00000000d5580000,0x00000000d9700000)
  from space 10752K, 0% used [0x00000000d9700000,0x00000000d9700000,0x00000000da180000)
  to   space 12800K, 0% used [0x00000000db800000,0x00000000db800000,0x00000000dc480000)
 ParOldGen       total 62976K, used 17861K [0x0000000080000000, 0x0000000083d80000, 0x00000000d5580000)
  object space 62976K, 28% used [0x0000000080000000,0x0000000081171760,0x0000000083d80000)
 Metaspace       used 34800K, capacity 35378K, committed 35496K, reserved 1079296K
  class space    used 4850K, capacity 5012K, committed 5032K, reserved 1048576K
}
Event: 14.221 GC heap before
{Heap before GC invocations=12 (full 2):
 PSYoungGen      total 77824K, used 67072K [0x00000000d5580000, 0x00000000dc480000, 0x0000000100000000)
  eden space 67072K, 100% used [0x00000000d5580000,0x00000000d9700000,0x00000000d9700000)
  from space 10752K, 0% used [0x00000000d9700000,0x00000000d9700000,0x00000000da180000)
  to   space 12800K, 0% used [0x00000000db800000,0x00000000db800000,0x00000000dc480000)
 ParOldGen       total 62976K, used 17861K [0x0000000080000000, 0x0000000083d80000, 0x00000000d5580000)
  object space 62976K, 28% used [0x0000000080000000,0x0000000081171760,0x0000000083d80000)
 Metaspace       used 41187K, capacity 42144K, committed 42408K, reserved 1085440K
  class space    used 5737K, capacity 5976K, committed 6056K, reserved 1048576K
Event: 14.228 GC heap after
Heap after GC invocations=12 (full 2):
 PSYoungGen      total 92672K, used 6748K [0x00000000d5580000, 0x00000000dc000000, 0x0000000100000000)
  eden space 84480K, 0% used [0x00000000d5580000,0x00000000d5580000,0x00000000da800000)
  from space 8192K, 82% used [0x00000000db800000,0x00000000dbe97228,0x00000000dc000000)
  to   space 12288K, 0% used [0x00000000da800000,0x00000000da800000,0x00000000db400000)
 ParOldGen       total 62976K, used 17869K [0x0000000080000000, 0x0000000083d80000, 0x00000000d5580000)
  object space 62976K, 28% used [0x0000000080000000,0x0000000081173760,0x0000000083d80000)
 Metaspace       used 41187K, capacity 42144K, committed 42408K, reserved 1085440K
  class space    used 5737K, capacity 5976K, committed 6056K, reserved 1048576K
}
Event: 14.736 GC heap before
{Heap before GC invocations=13 (full 2):
 PSYoungGen      total 92672K, used 91228K [0x00000000d5580000, 0x00000000dc000000, 0x0000000100000000)
  eden space 84480K, 100% used [0x00000000d5580000,0x00000000da800000,0x00000000da800000)
  from space 8192K, 82% used [0x00000000db800000,0x00000000dbe97228,0x00000000dc000000)
  to   space 12288K, 0% used [0x00000000da800000,0x00000000da800000,0x00000000db400000)
 ParOldGen       total 62976K, used 17869K [0x0000000080000000, 0x0000000083d80000, 0x00000000d5580000)
  object space 62976K, 28% used [0x0000000080000000,0x0000000081173760,0x0000000083d80000)
 Metaspace       used 41595K, capacity 42548K, committed 42664K, reserved 1085440K
  class space    used 5747K, capacity 5978K, committed 6056K, reserved 1048576K
Event: 14.745 GC heap after
Heap after GC invocations=13 (full 2):
 PSYoungGen      total 96768K, used 7920K [0x00000000d5580000, 0x00000000dc000000, 0x0000000100000000)
  eden space 84480K, 0% used [0x00000000d5580000,0x00000000d5580000,0x00000000da800000)
  from space 12288K, 64% used [0x00000000da800000,0x00000000dafbc038,0x00000000db400000)
  to   space 8192K, 0% used [0x00000000db800000,0x00000000db800000,0x00000000dc000000)
 ParOldGen       total 62976K, used 17877K [0x0000000080000000, 0x0000000083d80000, 0x00000000d5580000)
  object space 62976K, 28% used [0x0000000080000000,0x0000000081175760,0x0000000083d80000)
 Metaspace       used 41595K, capacity 42548K, committed 42664K, reserved 1085440K
  class space    used 5747K, capacity 5978K, committed 6056K, reserved 1048576K
}
Event: 17.882 GC heap before
{Heap before GC invocations=14 (full 2):
 PSYoungGen      total 96768K, used 92400K [0x00000000d5580000, 0x00000000dc000000, 0x0000000100000000)
  eden space 84480K, 100% used [0x00000000d5580000,0x00000000da800000,0x00000000da800000)
  from space 12288K, 64% used [0x00000000da800000,0x00000000dafbc038,0x00000000db400000)
  to   space 8192K, 0% used [0x00000000db800000,0x00000000db800000,0x00000000dc000000)
 ParOldGen       total 62976K, used 17877K [0x0000000080000000, 0x0000000083d80000, 0x00000000d5580000)
  object space 62976K, 28% used [0x0000000080000000,0x0000000081175760,0x0000000083d80000)
 Metaspace       used 44074K, capacity 45228K, committed 45352K, reserved 1087488K
  class space    used 6077K, capacity 6376K, committed 6440K, reserved 1048576K
Event: 17.902 GC heap after
Heap after GC invocations=14 (full 2):
 PSYoungGen      total 92672K, used 8176K [0x00000000d5580000, 0x00000000dc000000, 0x0000000100000000)
  eden space 84480K, 0% used [0x00000000d5580000,0x00000000d5580000,0x00000000da800000)
  from space 8192K, 99% used [0x00000000db800000,0x00000000dbffc038,0x00000000dc000000)
  to   space 12288K, 0% used [0x00000000da800000,0x00000000da800000,0x00000000db400000)
 ParOldGen       total 62976K, used 21866K [0x0000000080000000, 0x0000000083d80000, 0x00000000d5580000)
  object space 62976K, 34% used [0x0000000080000000,0x000000008155a9c0,0x0000000083d80000)
 Metaspace       used 44074K, capacity 45228K, committed 45352K, reserved 1087488K
  class space    used 6077K, capacity 6376K, committed 6440K, reserved 1048576K
}

