# JRE version: Java(TM) SE Runtime Environment (8.0_66-b18) (build 1.8.0_66-b18)
# Java VM: Java HotSpot(TM) 64-Bit Server VM (25.66-b18 mixed mode windows-amd64 compressed oops)
Heap:
 PSYoungGen      total 363008K, used 17624K [0x00000000d5580000, 0x00000000edc80000, 0x0000000100000000)
  eden space 325632K, 5% used [0x00000000d5580000,0x00000000d66b63a0,0x00000000e9380000)
  from space 37376K, 0% used [0x00000000eb800000,0x00000000eb800000,0x00000000edc80000)
  to   space 37376K, 0% used [0x00000000e9380000,0x00000000e9380000,0x00000000eb800000)
 ParOldGen       total 161280K, used 41420K [0x0000000080000000, 0x0000000089d80000, 0x00000000d5580000)
  object space 161280K, 25% used [0x0000000080000000,0x0000000082873070,0x0000000089d80000)
 Metaspace       used 66691K, capacity 68474K, committed 68696K, reserved 1110016K
  class space    used 8646K, capacity 9062K, committed 9088K, reserved 1048576K
GC Heap History (10 events):
Event: 96.085 GC heap before
{Heap before GC invocations=31 (full 4):
 PSYoungGen      total 249856K, used 235454K [0x00000000d5580000, 0x00000000e6f80000, 0x0000000100000000)
  eden space 214528K, 100% used [0x00000000d5580000,0x00000000e2700000,0x00000000e2700000)
  from space 35328K, 59% used [0x00000000e4a00000,0x00000000e5e6fb60,0x00000000e6c80000)
  to   space 35840K, 0% used [0x00000000e2700000,0x00000000e2700000,0x00000000e4a00000)
 ParOldGen       total 161280K, used 112044K [0x0000000080000000, 0x0000000089d80000, 0x00000000d5580000)
  object space 161280K, 69% used [0x0000000080000000,0x0000000086d6b278,0x0000000089d80000)
 Metaspace       used 64386K, capacity 66192K, committed 66392K, reserved 1107968K
  class space    used 8371K, capacity 8785K, committed 8832K, reserved 1048576K
Event: 96.127 GC heap after
Heap after GC invocations=31 (full 4):
 PSYoungGen      total 250368K, used 28738K [0x00000000d5580000, 0x00000000ea600000, 0x0000000100000000)
  eden space 214528K, 0% used [0x00000000d5580000,0x00000000d5580000,0x00000000e2700000)
  from space 35840K, 80% used [0x00000000e2700000,0x00000000e4310a88,0x00000000e4a00000)
  to   space 38912K, 0% used [0x00000000e8000000,0x00000000e8000000,0x00000000ea600000)
 ParOldGen       total 161280K, used 125103K [0x0000000080000000, 0x0000000089d80000, 0x00000000d5580000)
  object space 161280K, 77% used [0x0000000080000000,0x0000000087a2bd18,0x0000000089d80000)
 Metaspace       used 64386K, capacity 66192K, committed 66392K, reserved 1107968K
  class space    used 8371K, capacity 8785K, committed 8832K, reserved 1048576K
}
Event: 101.704 GC heap before
{Heap before GC invocations=32 (full 4):
 PSYoungGen      total 250368K, used 242589K [0x00000000d5580000, 0x00000000ea600000, 0x0000000100000000)
  eden space 214528K, 99% used [0x00000000d5580000,0x00000000e2656d18,0x00000000e2700000)
  from space 35840K, 80% used [0x00000000e2700000,0x00000000e4310a88,0x00000000e4a00000)
  to   space 38912K, 0% used [0x00000000e8000000,0x00000000e8000000,0x00000000ea600000)
 ParOldGen       total 161280K, used 125103K [0x0000000080000000, 0x0000000089d80000, 0x00000000d5580000)
  object space 161280K, 77% used [0x0000000080000000,0x0000000087a2bd18,0x0000000089d80000)
 Metaspace       used 65185K, capacity 67020K, committed 67288K, reserved 1107968K
  class space    used 8478K, capacity 8887K, committed 8960K, reserved 1048576K
Event: 101.722 GC heap after
Heap after GC invocations=32 (full 4):
 PSYoungGen      total 295424K, used 14900K [0x00000000d5580000, 0x00000000e9f00000, 0x0000000100000000)
  eden space 263680K, 0% used [0x00000000d5580000,0x00000000d5580000,0x00000000e5700000)
  from space 31744K, 46% used [0x00000000e8000000,0x00000000e8e8d330,0x00000000e9f00000)
  to   space 36864K, 0% used [0x00000000e5700000,0x00000000e5700000,0x00000000e7b00000)
 ParOldGen       total 161280K, used 128617K [0x0000000080000000, 0x0000000089d80000, 0x00000000d5580000)
  object space 161280K, 79% used [0x0000000080000000,0x0000000087d9a5f0,0x0000000089d80000)
 Metaspace       used 65185K, capacity 67020K, committed 67288K, reserved 1107968K
  class space    used 8478K, capacity 8887K, committed 8960K, reserved 1048576K
}
Event: 101.803 GC heap before
{Heap before GC invocations=33 (full 4):
 PSYoungGen      total 295424K, used 277822K [0x00000000d5580000, 0x00000000e9f00000, 0x0000000100000000)
  eden space 263680K, 99% used [0x00000000d5580000,0x00000000e5642718,0x00000000e5700000)
  from space 31744K, 46% used [0x00000000e8000000,0x00000000e8e8d330,0x00000000e9f00000)
  to   space 36864K, 0% used [0x00000000e5700000,0x00000000e5700000,0x00000000e7b00000)
 ParOldGen       total 161280K, used 128617K [0x0000000080000000, 0x0000000089d80000, 0x00000000d5580000)
  object space 161280K, 79% used [0x0000000080000000,0x0000000087d9a5f0,0x0000000089d80000)
 Metaspace       used 65199K, capacity 67020K, committed 67288K, reserved 1107968K
  class space    used 8478K, capacity 8887K, committed 8960K, reserved 1048576K
Event: 101.809 GC heap after
Heap after GC invocations=33 (full 4):
 PSYoungGen      total 300544K, used 96K [0x00000000d5580000, 0x00000000edc80000, 0x0000000100000000)
  eden space 263680K, 0% used [0x00000000d5580000,0x00000000d5580000,0x00000000e5700000)
  from space 36864K, 0% used [0x00000000e5700000,0x00000000e5718000,0x00000000e7b00000)
  to   space 37376K, 0% used [0x00000000eb800000,0x00000000eb800000,0x00000000edc80000)
 ParOldGen       total 161280K, used 131889K [0x0000000080000000, 0x0000000089d80000, 0x00000000d5580000)
  object space 161280K, 81% used [0x0000000080000000,0x00000000880cc5f0,0x0000000089d80000)
 Metaspace       used 65199K, capacity 67020K, committed 67288K, reserved 1107968K
  class space    used 8478K, capacity 8887K, committed 8960K, reserved 1048576K
}
Event: 103.694 GC heap before
{Heap before GC invocations=34 (full 4):
 PSYoungGen      total 300544K, used 105241K [0x00000000d5580000, 0x00000000edc80000, 0x0000000100000000)
  eden space 263680K, 39% used [0x00000000d5580000,0x00000000dbc2e618,0x00000000e5700000)
  from space 36864K, 0% used [0x00000000e5700000,0x00000000e5718000,0x00000000e7b00000)
  to   space 37376K, 0% used [0x00000000eb800000,0x00000000eb800000,0x00000000edc80000)
 ParOldGen       total 161280K, used 131889K [0x0000000080000000, 0x0000000089d80000, 0x00000000d5580000)
  object space 161280K, 81% used [0x0000000080000000,0x00000000880cc5f0,0x0000000089d80000)
 Metaspace       used 66614K, capacity 68426K, committed 68696K, reserved 1110016K
  class space    used 8640K, capacity 9054K, committed 9088K, reserved 1048576K
Event: 103.700 GC heap after
Heap after GC invocations=34 (full 4):
 PSYoungGen      total 363008K, used 1363K [0x00000000d5580000, 0x00000000edc80000, 0x0000000100000000)
  eden space 325632K, 0% used [0x00000000d5580000,0x00000000d5580000,0x00000000e9380000)
  from space 37376K, 3% used [0x00000000eb800000,0x00000000eb954e60,0x00000000edc80000)
  to   space 37376K, 0% used [0x00000000e9380000,0x00000000e9380000,0x00000000eb800000)
 ParOldGen       total 161280K, used 131921K [0x0000000080000000, 0x0000000089d80000, 0x00000000d5580000)
  object space 161280K, 81% used [0x0000000080000000,0x00000000880d45f0,0x0000000089d80000)
 Metaspace       used 66614K, capacity 68426K, committed 68696K, reserved 1110016K
  class space    used 8640K, capacity 9054K, committed 9088K, reserved 1048576K
}
Event: 103.700 GC heap before
{Heap before GC invocations=35 (full 5):
 PSYoungGen      total 363008K, used 1363K [0x00000000d5580000, 0x00000000edc80000, 0x0000000100000000)
  eden space 325632K, 0% used [0x00000000d5580000,0x00000000d5580000,0x00000000e9380000)
  from space 37376K, 3% used [0x00000000eb800000,0x00000000eb954e60,0x00000000edc80000)
  to   space 37376K, 0% used [0x00000000e9380000,0x00000000e9380000,0x00000000eb800000)
 ParOldGen       total 161280K, used 131921K [0x0000000080000000, 0x0000000089d80000, 0x00000000d5580000)
  object space 161280K, 81% used [0x0000000080000000,0x00000000880d45f0,0x0000000089d80000)
 Metaspace       used 66614K, capacity 68426K, committed 68696K, reserved 1110016K
  class space    used 8640K, capacity 9054K, committed 9088K, reserved 1048576K
Event: 104.052 GC heap after
Heap after GC invocations=35 (full 5):
 PSYoungGen      total 363008K, used 0K [0x00000000d5580000, 0x00000000edc80000, 0x0000000100000000)
  eden space 325632K, 0% used [0x00000000d5580000,0x00000000d5580000,0x00000000e9380000)
  from space 37376K, 0% used [0x00000000eb800000,0x00000000eb800000,0x00000000edc80000)
  to   space 37376K, 0% used [0x00000000e9380000,0x00000000e9380000,0x00000000eb800000)
 ParOldGen       total 161280K, used 41420K [0x0000000080000000, 0x0000000089d80000, 0x00000000d5580000)
  object space 161280K, 25% used [0x0000000080000000,0x0000000082873070,0x0000000089d80000)
 Metaspace       used 66614K, capacity 68426K, committed 68696K, reserved 1110016K
  class space    used 8640K, capacity 9054K, committed 9088K, reserved 1048576K
}

