# JRE version: Java(TM) SE Runtime Environment (8.0_66-b18) (build 1.8.0_66-b18)
# Java VM: Java HotSpot(TM) 64-Bit Server VM (25.66-b18 mixed mode windows-amd64 compressed oops)
Heap:
 PSYoungGen      total 237568K, used 110653K [0x00000000d5580000, 0x00000000ec600000, 0x0000000100000000)
  eden space 168960K, 65% used [0x00000000d5580000,0x00000000dc18f4e8,0x00000000dfa80000)
  from space 68608K, 0% used [0x00000000dfa80000,0x00000000dfa80000,0x00000000e3d80000)
  to   space 72704K, 0% used [0x00000000e7f00000,0x00000000e7f00000,0x00000000ec600000)
 ParOldGen       total 97792K, used 66120K [0x0000000080000000, 0x0000000085f80000, 0x00000000d5580000)
  object space 97792K, 67% used [0x0000000080000000,0x0000000084092050,0x0000000085f80000)
 Metaspace       used 66084K, capacity 67760K, committed 68352K, reserved 1107968K
  class space    used 8451K, capacity 8820K, committed 8960K, reserved 1048576K
GC Heap History (10 events):
Event: 6000.039 GC heap before
{Heap before GC invocations=26 (full 3):
 PSYoungGen      total 180736K, used 162537K [0x00000000d5580000, 0x00000000e3e80000, 0x0000000100000000)
  eden space 129024K, 100% used [0x00000000d5580000,0x00000000dd380000,0x00000000dd380000)
  from space 51712K, 64% used [0x00000000e0780000,0x00000000e283a4c8,0x00000000e3a00000)
  to   space 53248K, 0% used [0x00000000dd380000,0x00000000dd380000,0x00000000e0780000)
 ParOldGen       total 97792K, used 66776K [0x0000000080000000, 0x0000000085f80000, 0x00000000d5580000)
  object space 97792K, 68% used [0x0000000080000000,0x0000000084136258,0x0000000085f80000)
 Metaspace       used 64869K, capacity 66770K, committed 66944K, reserved 1107968K
  class space    used 8343K, capacity 8782K, committed 8832K, reserved 1048576K
Event: 6000.153 GC heap after
Heap after GC invocations=26 (full 3):
 PSYoungGen      total 182272K, used 49415K [0x00000000d5580000, 0x00000000e7880000, 0x0000000100000000)
  eden space 129024K, 0% used [0x00000000d5580000,0x00000000d5580000,0x00000000dd380000)
  from space 53248K, 92% used [0x00000000dd380000,0x00000000e03c1c98,0x00000000e0780000)
  to   space 60416K, 0% used [0x00000000e3d80000,0x00000000e3d80000,0x00000000e7880000)
 ParOldGen       total 97792K, used 68781K [0x0000000080000000, 0x0000000085f80000, 0x00000000d5580000)
  object space 97792K, 70% used [0x0000000080000000,0x000000008432b400,0x0000000085f80000)
 Metaspace       used 64869K, capacity 66770K, committed 66944K, reserved 1107968K
  class space    used 8343K, capacity 8782K, committed 8832K, reserved 1048576K
}
Event: 6000.703 GC heap before
{Heap before GC invocations=27 (full 3):
 PSYoungGen      total 182272K, used 178439K [0x00000000d5580000, 0x00000000e7880000, 0x0000000100000000)
  eden space 129024K, 100% used [0x00000000d5580000,0x00000000dd380000,0x00000000dd380000)
  from space 53248K, 92% used [0x00000000dd380000,0x00000000e03c1c98,0x00000000e0780000)
  to   space 60416K, 0% used [0x00000000e3d80000,0x00000000e3d80000,0x00000000e7880000)
 ParOldGen       total 97792K, used 68781K [0x0000000080000000, 0x0000000085f80000, 0x00000000d5580000)
  object space 97792K, 70% used [0x0000000080000000,0x000000008432b400,0x0000000085f80000)
 Metaspace       used 64897K, capacity 66770K, committed 66944K, reserved 1107968K
  class space    used 8344K, capacity 8782K, committed 8832K, reserved 1048576K
Event: 6000.822 GC heap after
Heap after GC invocations=27 (full 3):
 PSYoungGen      total 229376K, used 56916K [0x00000000d5580000, 0x00000000e8900000, 0x0000000100000000)
  eden space 168960K, 0% used [0x00000000d5580000,0x00000000d5580000,0x00000000dfa80000)
  from space 60416K, 94% used [0x00000000e3d80000,0x00000000e75152b0,0x00000000e7880000)
  to   space 68608K, 0% used [0x00000000dfa80000,0x00000000dfa80000,0x00000000e3d80000)
 ParOldGen       total 97792K, used 75786K [0x0000000080000000, 0x0000000085f80000, 0x00000000d5580000)
  object space 97792K, 77% used [0x0000000080000000,0x0000000084a02850,0x0000000085f80000)
 Metaspace       used 64897K, capacity 66770K, committed 66944K, reserved 1107968K
  class space    used 8344K, capacity 8782K, committed 8832K, reserved 1048576K
}
Event: 6001.576 GC heap before
{Heap before GC invocations=28 (full 3):
 PSYoungGen      total 229376K, used 225876K [0x00000000d5580000, 0x00000000e8900000, 0x0000000100000000)
  eden space 168960K, 100% used [0x00000000d5580000,0x00000000dfa80000,0x00000000dfa80000)
  from space 60416K, 94% used [0x00000000e3d80000,0x00000000e75152b0,0x00000000e7880000)
  to   space 68608K, 0% used [0x00000000dfa80000,0x00000000dfa80000,0x00000000e3d80000)
 ParOldGen       total 97792K, used 75786K [0x0000000080000000, 0x0000000085f80000, 0x00000000d5580000)
  object space 97792K, 77% used [0x0000000080000000,0x0000000084a02850,0x0000000085f80000)
 Metaspace       used 64918K, capacity 66898K, committed 67200K, reserved 1107968K
  class space    used 8344K, capacity 8782K, committed 8832K, reserved 1048576K
Event: 6001.673 GC heap after
Heap after GC invocations=28 (full 3):
 PSYoungGen      total 237568K, used 49639K [0x00000000d5580000, 0x00000000ec600000, 0x0000000100000000)
  eden space 168960K, 0% used [0x00000000d5580000,0x00000000d5580000,0x00000000dfa80000)
  from space 68608K, 72% used [0x00000000dfa80000,0x00000000e2af9ff8,0x00000000e3d80000)
  to   space 72704K, 0% used [0x00000000e7f00000,0x00000000e7f00000,0x00000000ec600000)
 ParOldGen       total 97792K, used 85445K [0x0000000080000000, 0x0000000085f80000, 0x00000000d5580000)
  object space 97792K, 87% used [0x0000000080000000,0x0000000085371420,0x0000000085f80000)
 Metaspace       used 64918K, capacity 66898K, committed 67200K, reserved 1107968K
  class space    used 8344K, capacity 8782K, committed 8832K, reserved 1048576K
}
Event: 6001.673 GC heap before
{Heap before GC invocations=29 (full 4):
 PSYoungGen      total 237568K, used 49639K [0x00000000d5580000, 0x00000000ec600000, 0x0000000100000000)
  eden space 168960K, 0% used [0x00000000d5580000,0x00000000d5580000,0x00000000dfa80000)
  from space 68608K, 72% used [0x00000000dfa80000,0x00000000e2af9ff8,0x00000000e3d80000)
  to   space 72704K, 0% used [0x00000000e7f00000,0x00000000e7f00000,0x00000000ec600000)
 ParOldGen       total 97792K, used 85445K [0x0000000080000000, 0x0000000085f80000, 0x00000000d5580000)
  object space 97792K, 87% used [0x0000000080000000,0x0000000085371420,0x0000000085f80000)
 Metaspace       used 64918K, capacity 66898K, committed 67200K, reserved 1107968K
  class space    used 8344K, capacity 8782K, committed 8832K, reserved 1048576K
Event: 6002.643 GC heap after
Heap after GC invocations=29 (full 4):
 PSYoungGen      total 237568K, used 0K [0x00000000d5580000, 0x00000000ec600000, 0x0000000100000000)
  eden space 168960K, 0% used [0x00000000d5580000,0x00000000d5580000,0x00000000dfa80000)
  from space 68608K, 0% used [0x00000000dfa80000,0x00000000dfa80000,0x00000000e3d80000)
  to   space 72704K, 0% used [0x00000000e7f00000,0x00000000e7f00000,0x00000000ec600000)
 ParOldGen       total 97792K, used 90994K [0x0000000080000000, 0x0000000085f80000, 0x00000000d5580000)
  object space 97792K, 93% used [0x0000000080000000,0x00000000858dcb40,0x0000000085f80000)
 Metaspace       used 64502K, capacity 66188K, committed 67200K, reserved 1107968K
  class space    used 8245K, capacity 8618K, committed 8832K, reserved 1048576K
}
Event: 6004.926 GC heap before
{Heap before GC invocations=30 (full 5):
 PSYoungGen      total 237568K, used 168960K [0x00000000d5580000, 0x00000000ec600000, 0x0000000100000000)
  eden space 168960K, 100% used [0x00000000d5580000,0x00000000dfa80000,0x00000000dfa80000)
  from space 68608K, 0% used [0x00000000dfa80000,0x00000000dfa80000,0x00000000e3d80000)
  to   space 72704K, 0% used [0x00000000e7f00000,0x00000000e7f00000,0x00000000ec600000)
 ParOldGen       total 97792K, used 90994K [0x0000000080000000, 0x0000000085f80000, 0x00000000d5580000)
  object space 97792K, 93% used [0x0000000080000000,0x00000000858dcb40,0x0000000085f80000)
 Metaspace       used 66009K, capacity 67748K, committed 68352K, reserved 1107968K
  class space    used 8451K, capacity 8820K, committed 8960K, reserved 1048576K
Event: 6005.106 GC heap after
Heap after GC invocations=30 (full 5):
 PSYoungGen      total 237568K, used 0K [0x00000000d5580000, 0x00000000ec600000, 0x0000000100000000)
  eden space 168960K, 0% used [0x00000000d5580000,0x00000000d5580000,0x00000000dfa80000)
  from space 68608K, 0% used [0x00000000dfa80000,0x00000000dfa80000,0x00000000e3d80000)
  to   space 72704K, 0% used [0x00000000e7f00000,0x00000000e7f00000,0x00000000ec600000)
 ParOldGen       total 97792K, used 66120K [0x0000000080000000, 0x0000000085f80000, 0x00000000d5580000)
  object space 97792K, 67% used [0x0000000080000000,0x0000000084092050,0x0000000085f80000)
 Metaspace       used 66009K, capacity 67748K, committed 68352K, reserved 1107968K
  class space    used 8451K, capacity 8820K, committed 8960K, reserved 1048576K
}

